<?xml version="1.0" encoding="UTF-8"?>
<!-- Generated by org.testng.reporters.JUnitReportReporter -->
<testsuite hostname="md2spchc" failures="0" tests="1" name="UnitTesting.restAssured" time="1.312" errors="0" timestamp="2023-08-25T14:51:58 IST" skipped="0">
  <testcase classname="UnitTesting.restAssured" name="VerifyAppIsUp" time="1.312"/>
  <system-out/>
</testsuite> <!-- UnitTesting.restAssured -->
