<?xml version="1.0" encoding="UTF-8"?>
<!-- Generated by org.testng.reporters.JUnitReportReporter -->
<testsuite hostname="DESKTOP-N1F218A" failures="0" tests="1" name="TestCases.TC4_ShopProduct" time="110.890" errors="0" timestamp="2023-08-22T21:13:33 IST" skipped="0">
  <testcase classname="TestCases.TC4_ShopProduct" name="ShopProduct" time="110.890"/>
  <system-out/>
</testsuite> <!-- TestCases.TC4_ShopProduct -->
