<?xml version="1.0" encoding="UTF-8"?>
<!-- Generated by org.testng.reporters.JUnitReportReporter -->
<testsuite hostname="DESKTOP-N1F218A" failures="0" tests="3" name="TestCases.TC4_DeleteNewCourseAndCategory" time="134.997" errors="0" timestamp="2023-08-28T13:45:29 IST" skipped="0">
  <testcase classname="TestCases.TC4_DeleteNewCourseAndCategory" name="DeleteNewlyCreatedCourseAndCategories" time="44.977"/>
  <system-out/>
  <testcase classname="TestCases.TC4_DeleteNewCourseAndCategory" name="DeleteNewlyCreatedCourseAndCategories" time="45.168"/>
  <system-out/>
  <testcase classname="TestCases.TC4_DeleteNewCourseAndCategory" name="DeleteNewlyCreatedCourseAndCategories" time="44.852"/>
  <system-out/>
</testsuite> <!-- TestCases.TC4_DeleteNewCourseAndCategory -->
