<?xml version="1.0" encoding="UTF-8"?>
<!-- Generated by org.testng.reporters.JUnitReportReporter -->
<testsuite hostname="DESKTOP-N1F218A" failures="0" tests="3" name="TestCases.TC2_AddCategory" time="87.478" errors="0" timestamp="2023-08-28T13:45:29 IST" skipped="0">
  <testcase classname="TestCases.TC2_AddCategory" name="AddCategory" time="28.798"/>
  <system-out/>
  <testcase classname="TestCases.TC2_AddCategory" name="AddCategory" time="28.760"/>
  <system-out/>
  <testcase classname="TestCases.TC2_AddCategory" name="AddCategory" time="29.920"/>
  <system-out/>
</testsuite> <!-- TestCases.TC2_AddCategory -->
