<?xml version="1.0" encoding="UTF-8"?>
<!-- Generated by org.testng.reporters.JUnitReportReporter -->
<testsuite hostname="DESKTOP-N1F218A" failures="0" tests="3" name="TestCases.TC5_ShopProduct" time="273.344" errors="0" timestamp="2023-08-28T13:45:29 IST" skipped="0">
  <testcase classname="TestCases.TC5_ShopProduct" name="ShopProduct" time="90.605"/>
  <system-out/>
  <testcase classname="TestCases.TC5_ShopProduct" name="ShopProduct" time="90.873"/>
  <system-out/>
  <testcase classname="TestCases.TC5_ShopProduct" name="ShopProduct" time="91.866"/>
  <system-out/>
</testsuite> <!-- TestCases.TC5_ShopProduct -->
