<?xml version="1.0" encoding="UTF-8"?>
<!-- Generated by org.testng.reporters.JUnitReportReporter -->
<testsuite hostname="DESKTOP-N1F218A" failures="0" tests="3" name="TestCases.TC3_AddCourse" time="115.769" errors="0" timestamp="2023-08-28T13:45:29 IST" skipped="0">
  <testcase classname="TestCases.TC3_AddCourse" name="AddCourse" time="37.026"/>
  <system-out/>
  <testcase classname="TestCases.TC3_AddCourse" name="AddCourse" time="37.412"/>
  <system-out/>
  <testcase classname="TestCases.TC3_AddCourse" name="AddCourse" time="41.331"/>
  <system-out/>
</testsuite> <!-- TestCases.TC3_AddCourse -->
