<?xml version="1.0" encoding="UTF-8"?>
<!-- Generated by org.testng.reporters.JUnitReportReporter -->
<testsuite hostname="md2spchc" failures="0" tests="1" name="TestCases.TC9_VerifyApplicationAPIs" time="1.327" errors="0" timestamp="2023-08-25T15:13:10 IST" skipped="0">
  <testcase classname="TestCases.TC9_VerifyApplicationAPIs" name="VerifyAppIsUpAndRunning" time="1.327"/>
  <system-out/>
</testsuite> <!-- TestCases.TC9_VerifyApplicationAPIs -->
