<?xml version="1.0" encoding="UTF-8"?>
<!-- Generated by org.testng.reporters.JUnitReportReporter -->
<testsuite hostname="DESKTOP-N1F218A" failures="0" tests="1" name="TestCases.TC1_CreateUsers" time="31.949" errors="0" timestamp="2023-08-18T01:49:28 IST" skipped="0">
  <testcase classname="TestCases.TC1_CreateUsers" name="CreateCustomers" time="31.949"/>
  <system-out/>
</testsuite> <!-- TestCases.TC1_CreateUsers -->
