<?xml version="1.0" encoding="UTF-8"?>
<!-- Generated by org.testng.reporters.JUnitReportReporter -->
<testsuite hostname="DESKTOP-N1F218A" failures="0" tests="1" name="TestCases.TC5_DeleteNewCourseAndCategory" time="37.156" errors="0" timestamp="2023-08-21T20:24:36 IST" skipped="0">
  <testcase classname="TestCases.TC5_DeleteNewCourseAndCategory" name="DeleteNewlyCreatedCourseAndCategories" time="37.156"/>
  <system-out/>
</testsuite> <!-- TestCases.TC5_DeleteNewCourseAndCategory -->
