<?xml version="1.0" encoding="UTF-8"?>
<!-- Generated by org.testng.reporters.JUnitReportReporter -->
<testsuite hostname="DESKTOP-N1F218A" failures="0" tests="3" name="TestCases.TC1_CreateUser" time="91.643" errors="0" timestamp="2023-08-28T13:45:29 IST" skipped="0">
  <testcase classname="TestCases.TC1_CreateUser" name="CreateUsers" time="29.706"/>
  <system-out/>
  <testcase classname="TestCases.TC1_CreateUser" name="CreateUsers" time="31.205"/>
  <system-out/>
  <testcase classname="TestCases.TC1_CreateUser" name="CreateUsers" time="30.732"/>
  <system-out/>
</testsuite> <!-- TestCases.TC1_CreateUser -->
