<?xml version="1.0" encoding="UTF-8"?>
<!-- Generated by org.testng.reporters.JUnitReportReporter -->
<testsuite hostname="DESKTOP-N1F218A" failures="0" tests="1" name="TestCases.TC3_DeleteCustomer" time="25.346" errors="0" timestamp="2023-08-12T23:59:42 IST" skipped="0">
  <testcase classname="TestCases.TC3_DeleteCustomer" name="DeleteCstomer" time="25.346"/>
  <system-out/>
</testsuite> <!-- TestCases.TC3_DeleteCustomer -->
