<?xml version="1.0" encoding="UTF-8"?>
<!-- Generated by org.testng.reporters.JUnitReportReporter -->
<testsuite skipped="0" hostname="md2spchc" name="TestCases.TC9_VerifyApplicationAPIs" tests="1" failures="0" timestamp="2023-08-25T15:32:40 IST" time="1.865" errors="0">
  <testcase name="VerifyAppIsUpAndRunning" time="1.865" classname="TestCases.TC9_VerifyApplicationAPIs"/>
  <system-out/>
</testsuite> <!-- TestCases.TC9_VerifyApplicationAPIs -->
